C:\USERS\STUDENT1\DOCUMENTS\SGMLP - COPY\SGMLP\DEBUG\CONTROL_WINDOW.OBJ
C:\USERS\STUDENT1\DOCUMENTS\SGMLP - COPY\SGMLP\DEBUG\PLOT_WINDOW.OBJ
C:\USERS\STUDENT1\DOCUMENTS\SGMLP - COPY\SGMLP\DEBUG\VC110.PDB
C:\USERS\STUDENT1\DOCUMENTS\SGMLP - COPY\DEBUG\SGMLP.ILK
C:\USERS\STUDENT1\DOCUMENTS\SGMLP - COPY\DEBUG\SGMLP.EXE
C:\USERS\STUDENT1\DOCUMENTS\SGMLP - COPY\DEBUG\SGMLP.PDB
C:\Users\student1\Documents\sgmlp - Copy\sgmlp\Debug\kernel.cu.cache
C:\Users\student1\Documents\sgmlp - Copy\sgmlp\Debug\laplas_Solution.cu.cache
C:\Users\student1\Documents\sgmlp - Copy\sgmlp\Debug\Control_window.obj
C:\Users\student1\Documents\sgmlp - Copy\sgmlp\Debug\kernel.cu.obj
C:\Users\student1\Documents\sgmlp - Copy\sgmlp\Debug\laplas_Solution.cu.obj
C:\Users\student1\Documents\sgmlp - Copy\sgmlp\Debug\Plot_Window.obj
C:\Users\student1\Documents\sgmlp - Copy\sgmlp\Debug\cl.command.1.tlog
C:\Users\student1\Documents\sgmlp - Copy\sgmlp\Debug\CL.read.1.tlog
C:\Users\student1\Documents\sgmlp - Copy\sgmlp\Debug\CL.write.1.tlog
C:\Users\student1\Documents\sgmlp - Copy\sgmlp\Debug\link-cvtres.read.1.tlog
C:\Users\student1\Documents\sgmlp - Copy\sgmlp\Debug\link-cvtres.write.1.tlog
C:\Users\student1\Documents\sgmlp - Copy\sgmlp\Debug\link-rc.read.1.tlog
C:\Users\student1\Documents\sgmlp - Copy\sgmlp\Debug\link-rc.write.1.tlog
C:\Users\student1\Documents\sgmlp - Copy\sgmlp\Debug\link.2152-cvtres.read.1.tlog
C:\Users\student1\Documents\sgmlp - Copy\sgmlp\Debug\link.2152-cvtres.write.1.tlog
C:\Users\student1\Documents\sgmlp - Copy\sgmlp\Debug\link.2152-rc.read.1.tlog
C:\Users\student1\Documents\sgmlp - Copy\sgmlp\Debug\link.2152-rc.write.1.tlog
C:\Users\student1\Documents\sgmlp - Copy\sgmlp\Debug\link.2152.read.1.tlog
C:\Users\student1\Documents\sgmlp - Copy\sgmlp\Debug\link.2152.write.1.tlog
C:\Users\student1\Documents\sgmlp - Copy\sgmlp\Debug\link.2592-cvtres.read.1.tlog
C:\Users\student1\Documents\sgmlp - Copy\sgmlp\Debug\link.2592-cvtres.write.1.tlog
C:\Users\student1\Documents\sgmlp - Copy\sgmlp\Debug\link.2592-rc.read.1.tlog
C:\Users\student1\Documents\sgmlp - Copy\sgmlp\Debug\link.2592-rc.write.1.tlog
C:\Users\student1\Documents\sgmlp - Copy\sgmlp\Debug\link.2592.read.1.tlog
C:\Users\student1\Documents\sgmlp - Copy\sgmlp\Debug\link.2592.write.1.tlog
C:\Users\student1\Documents\sgmlp - Copy\sgmlp\Debug\link.2668-cvtres.read.1.tlog
C:\Users\student1\Documents\sgmlp - Copy\sgmlp\Debug\link.2668-cvtres.write.1.tlog
C:\Users\student1\Documents\sgmlp - Copy\sgmlp\Debug\link.2668-rc.read.1.tlog
C:\Users\student1\Documents\sgmlp - Copy\sgmlp\Debug\link.2668-rc.write.1.tlog
C:\Users\student1\Documents\sgmlp - Copy\sgmlp\Debug\link.2668.read.1.tlog
C:\Users\student1\Documents\sgmlp - Copy\sgmlp\Debug\link.2668.write.1.tlog
C:\Users\student1\Documents\sgmlp - Copy\sgmlp\Debug\link.3832-cvtres.read.1.tlog
C:\Users\student1\Documents\sgmlp - Copy\sgmlp\Debug\link.3832-cvtres.write.1.tlog
C:\Users\student1\Documents\sgmlp - Copy\sgmlp\Debug\link.3832-rc.read.1.tlog
C:\Users\student1\Documents\sgmlp - Copy\sgmlp\Debug\link.3832-rc.write.1.tlog
C:\Users\student1\Documents\sgmlp - Copy\sgmlp\Debug\link.3832.read.1.tlog
C:\Users\student1\Documents\sgmlp - Copy\sgmlp\Debug\link.3832.write.1.tlog
C:\Users\student1\Documents\sgmlp - Copy\sgmlp\Debug\link.4244-cvtres.read.1.tlog
C:\Users\student1\Documents\sgmlp - Copy\sgmlp\Debug\link.4244-cvtres.write.1.tlog
C:\Users\student1\Documents\sgmlp - Copy\sgmlp\Debug\link.4244-rc.read.1.tlog
C:\Users\student1\Documents\sgmlp - Copy\sgmlp\Debug\link.4244-rc.write.1.tlog
C:\Users\student1\Documents\sgmlp - Copy\sgmlp\Debug\link.4244.read.1.tlog
C:\Users\student1\Documents\sgmlp - Copy\sgmlp\Debug\link.4244.write.1.tlog
C:\Users\student1\Documents\sgmlp - Copy\sgmlp\Debug\link.4352-cvtres.read.1.tlog
C:\Users\student1\Documents\sgmlp - Copy\sgmlp\Debug\link.4352-cvtres.write.1.tlog
C:\Users\student1\Documents\sgmlp - Copy\sgmlp\Debug\link.4352-rc.read.1.tlog
C:\Users\student1\Documents\sgmlp - Copy\sgmlp\Debug\link.4352-rc.write.1.tlog
C:\Users\student1\Documents\sgmlp - Copy\sgmlp\Debug\link.4352.read.1.tlog
C:\Users\student1\Documents\sgmlp - Copy\sgmlp\Debug\link.4352.write.1.tlog
C:\Users\student1\Documents\sgmlp - Copy\sgmlp\Debug\link.464-cvtres.read.1.tlog
C:\Users\student1\Documents\sgmlp - Copy\sgmlp\Debug\link.464-cvtres.write.1.tlog
C:\Users\student1\Documents\sgmlp - Copy\sgmlp\Debug\link.464-rc.read.1.tlog
C:\Users\student1\Documents\sgmlp - Copy\sgmlp\Debug\link.464-rc.write.1.tlog
C:\Users\student1\Documents\sgmlp - Copy\sgmlp\Debug\link.464.read.1.tlog
C:\Users\student1\Documents\sgmlp - Copy\sgmlp\Debug\link.464.write.1.tlog
C:\Users\student1\Documents\sgmlp - Copy\sgmlp\Debug\link.command.1.tlog
C:\Users\student1\Documents\sgmlp - Copy\sgmlp\Debug\link.read.1.tlog
C:\Users\student1\Documents\sgmlp - Copy\sgmlp\Debug\link.write.1.tlog
C:\Users\student1\Documents\sgmlp - Copy\sgmlp\Debug\vc110.idb
C:\Users\student1\Documents\sgmlp - Copy\sgmlp\Debug\vc110.pdb
C:\Users\student1\Documents\sgmlp - Copy\Debug\sgmlp.pdb
C:\Users\student1\Documents\sgmlp - Copy\Debug\sgmlp.exe
C:\Users\student1\Documents\sgmlp - Copy\Debug\sgmlp.ilk
